make all --print-data-base --no-builtin-variables --no-builtin-rules --question
# GNU Make 3.81
# Copyright (C) 2006  Free Software Foundation, Inc.
# This is free software; see the source for copying conditions.
# There is NO warranty; not even for MERCHANTABILITY or FITNESS FOR A
# PARTICULAR PURPOSE.

# This program built for i386-apple-darwin11.3.0
 

 
# Make data base, printed on Fri May 13 23:15:51 2022

# Variables

# automatic
<D = $(patsubst %/,%,$(dir $<))
# automatic
?F = $(notdir $?)
# makefile (from `Makefile', line 18)
OBJ = $(SRC:$(SRCDIR)/%$(EXT)=$(OBJDIR)/%.o)
# makefile (from `Makefile', line 17)
SRC = $(wildcard $(SRCDIR)/*$(EXT))
# environment
VSCODE_LOG_NATIVE = false
# environment
NVM_INC = /Users/nickandringa/.nvm/versions/node/v17.6.0/include/node
# automatic
?D = $(patsubst %/,%,$(dir $?))
# automatic
@D = $(patsubst %/,%,$(dir $@))
# makefile (from `Makefile', line 25)
EXE = .exe
# automatic
@F = $(notdir $@)
# makefile
CURDIR := /Users/nickandringa/Documents/HU/year_1/blok_4/Gameshop
# makefile
SHELL = /bin/sh
# makefile (from `Makefile', line 21)
RM = rm
# environment
VSCODE_NLS_CONFIG = {"locale":"nl","availableLanguages":{},"_languagePackSupport":true}
# environment
_ = /usr/bin/make
# makefile (from `main.d', line 1)
MAKEFILE_LIST :=  Makefile Game.d Person.d main.d
# makefile (from `Makefile', line 7)
CXXFLAGS = -std=c++17 -Wall
# environment
VSCODE_VERBOSE_LOGGING = true
# environment
__CFBundleIdentifier = com.microsoft.VSCode
# makefile (from `Makefile', line 24)
DEL = del
# environment
VSCODE_IPC_HOOK_EXTHOST = /var/folders/wf/0n4fyxgn2618_r4v0_x634_80000gn/T/vscode-ipc-35a0e356-9436-42d3-99e1-27046c4a5bcc.sock
# environment
VSCODE_CWD = /
# environment
PATH = /Users/nickandringa/opt/anaconda3/bin:/Users/nickandringa/opt/anaconda3/condabin:/Users/nickandringa/.nvm/versions/node/v17.6.0/bin:/usr/local/bin:/usr/bin:/bin:/usr/sbin:/sbin:/Library/Apple/usr/bin
# makefile (from `Makefile', line 19)
DEP = $(OBJ:$(OBJDIR)/%.o=%.d)
# environment
NVM_BIN = /Users/nickandringa/.nvm/versions/node/v17.6.0/bin
# environment
VSCODE_LOG_STACK = false
# environment
ELECTRON_RUN_AS_NODE = 1
# makefile (from `Makefile', line 8)
LDFLAGS = 
# default
.FEATURES := target-specific order-only second-expansion else-if archives jobserver check-symlink
# environment
SSH_AUTH_SOCK = /private/tmp/com.apple.launchd.UfHUsivHwr/Listeners
# makefile (from `Makefile', line 13)
SRCDIR = src
# automatic
%F = $(notdir $%)
# environment
CONDA_EXE = /Users/nickandringa/opt/anaconda3/bin/conda
# environment
VSCODE_PIPE_LOGGING = true
# environment
PWD = /Users/nickandringa/Documents/HU/year_1/blok_4/Gameshop
# environment
ORIGINAL_XDG_CURRENT_DESKTOP = undefined
# environment
VSCODE_AMD_ENTRYPOINT = vs/workbench/api/node/extensionHostProcess
# environment
HOME = /Users/nickandringa
# default
MAKEFILEPATH := /Applications/Xcode.app/Contents/Developer/Makefiles
# environment
VSCODE_CODE_CACHE_PATH = /Users/nickandringa/Library/Application Support/Code/CachedData/da15b6fd3ef856477bf6f4fb29ba1b7af717770d
# environment
LOGNAME = nickandringa
# environment
APPLICATION_INSIGHTS_NO_DIAGNOSTIC_CHANNEL = 1
# makefile (from `Makefile', line 22)
DELOBJ = $(OBJ)
# environment
CONDA_PROMPT_MODIFIER = (base) 
# environment
NVM_CD_FLAGS = -q
# environment
VSCODE_HANDLES_UNCAUGHT_ERRORS = true
# automatic
^D = $(patsubst %/,%,$(dir $^))
# environment
CONDA_DEFAULT_ENV = base
# environment
XPC_FLAGS = 0x0
# default
MAKE = $(MAKE_COMMAND)
# default
MAKECMDGOALS := all
# environment
SHLVL = 1
# makefile (from `Makefile', line 6)
CC = g++
# default
MAKE_VERSION := 3.81
# environment
USER = nickandringa
# makefile
.DEFAULT_GOAL := all
# automatic
%D = $(patsubst %/,%,$(dir $%))
# environment
CONDA_SHLVL = 1
# default
MAKE_COMMAND := /Applications/Xcode.app/Contents/Developer/usr/bin/make
# default
.VARIABLES := 
# environment
TMPDIR = /var/folders/wf/0n4fyxgn2618_r4v0_x634_80000gn/T/
# automatic
*F = $(notdir $*)
# environment
VSCODE_IPC_HOOK = /Users/nickandringa/Library/Application Support/Code/1.67.1-main.sock
# makefile (from `Makefile', line 12)
EXT = .cpp
# makefile
MAKEFLAGS = Rrqp
# environment
MFLAGS = -Rrqp
# automatic
*D = $(patsubst %/,%,$(dir $*))
# environment
NVM_DIR = /Users/nickandringa/.nvm
# environment
XPC_SERVICE_NAME = application.com.microsoft.VSCode.17216259.17216266
# automatic
+D = $(patsubst %/,%,$(dir $+))
# automatic
+F = $(notdir $+)
# makefile (from `Makefile', line 11)
APPNAME = main
# environment
__CF_USER_TEXT_ENCODING = 0x1F5:0x0:0x5
# environment
COMMAND_MODE = unix2003
# default
MAKEFILES := 
# automatic
<F = $(notdir $<)
# makefile (from `Makefile', line 14)
OBJDIR = obj
# environment
LC_ALL = C
# makefile (from `Makefile', line 26)
WDELOBJ = $(SRC:$(SRCDIR)/%$(EXT)=$(OBJDIR)\\%.o)
# environment
CONDA_PYTHON_EXE = /Users/nickandringa/opt/anaconda3/bin/python
# automatic
^F = $(notdir $^)
# default
SUFFIXES := 
# environment
_CE_M = 
# default
.INCLUDE_DIRS = /usr/local/include
# environment
MAKELEVEL := 0
# environment
CONDA_PREFIX = /Users/nickandringa/opt/anaconda3
# environment
VSCODE_PID = 4488
# environment
_CE_CONDA = 
# environment
LANG = C
# variable set hash-table stats:
# Load=89/1024=9%, Rehash=0, Collisions=5/146=3%

# Pattern-specific Variable Values

# No pattern-specific variable values.

# Directories

# . (device 16777220, inode 17203169): 11 files, no impossibilities.
# src (device 16777220, inode 17203774): 6 files, no impossibilities.

# 17 files, no impossibilities in 2 directories.

# Implicit Rules

%.d: src/%.cpp
#  commands to execute (from `Makefile', line 40):
	@$(CPP) $(CFLAGS) $< -MM -MT $(@:%.d=$(OBJDIR)/%.o) >$@
	

obj/%.o: src/%.cpp
#  commands to execute (from `Makefile', line 47):
	$(CC) $(CXXFLAGS) -o $@ -c $<
	

# 2 implicit rules, 0 (0.0%) terminal.

# Files

all: main
#  Command-line target.
#  Implicit rule search has been done.
#  File does not exist.
#  File has been updated.
#  Needs to be updated (-q is set).
# variable set hash-table stats:
# Load=0/32=0%, Rehash=0, Collisions=0/4=0%

.PHONY: clean cleandep cleanw cleandepw
#  Implicit rule search has not been done.
#  Modification time never checked.
#  File has not been updated.

obj/main.o: src/main.cpp src/include/Game.hpp src/include/Person.hpp
#  Implicit rule search has been done.
#  Implicit/static pattern stem: `main'
#  Last modified 2022-05-12 13:55:34
#  File has been updated.
#  Needs to be updated (-q is set).
# automatic
# @ := obj/main.o
# automatic
# % := 
# automatic
# * := main
# automatic
# + := src/main.cpp src/main.cpp src/include/Game.hpp src/include/Person.hpp
# automatic
# | := 
# automatic
 
# < := src/main.cpp
# automatic
# ^ := src/main.cpp src/include/Game.hpp src/include/Person.hpp
# automatic
# ? := src/main.cpp
# variable set hash-table stats:
# Load=8/32=25%, Rehash=0, Collisions=1/14=7%
#  commands to execute (from `Makefile', line 47):
	$(CC) $(CXXFLAGS) -o $@ -c $<
	

# Not a target:
.SUFFIXES:
#  Implicit rule search has not been done.
#  Modification time never checked.
#  File has not been updated.

# Not a target:
src/include/Game.hpp:
#  Implicit rule search has been done.
#  Last modified 2022-05-12 13:49:16
#  File has been updated.
#  Successfully updated.
# variable set hash-table stats:
# Load=0/32=0%, Rehash=0, Collisions=0/0=0%

# Not a target:
Makefile:
#  Implicit rule search has been done.
#  Last modified 2022-05-12 13:18:33
#  File has been updated.
#  Successfully updated.
# variable set hash-table stats:
# Load=0/32=0%, Rehash=0, Collisions=0/0=0%

Game.d: src/Game.cpp
#  A default, MAKEFILES, or -include/sinclude makefile.
#  Implicit rule search has been done.
#  Implicit/static pattern stem: `Game'
#  Last modified 2022-05-13 23:15:50
#  File has been updated.
#  Successfully updated.
# variable set hash-table stats:
# Load=0/32=0%, Rehash=0, Collisions=0/0=0%
#  commands to execute (from `Makefile', line 40):
	@$(CPP) $(CFLAGS) $< -MM -MT $(@:%.d=$(OBJDIR)/%.o) >$@
	

obj/Person.o: src/Person.cpp src/Person.cpp src/include/Person.hpp src/include/Game.hpp
#  Implicit rule search has been done.
#  Implicit/static pattern stem: `Person'
#  Last modified 2022-05-12 13:53:08
#  File has been updated.
#  Successfully updated.
# variable set hash-table stats:
# Load=0/32=0%, Rehash=0, Collisions=0/0=0%
#  commands to execute (from `Makefile', line 47):
	$(CC) $(CXXFLAGS) -o $@ -c $<
	

# Not a target:
src/Game.cpp:
#  Implicit rule search has been done.
#  Last modified 2022-05-12 13:49:16
#  File has been updated.
#  Successfully updated.
# variable set hash-table stats:
# Load=0/32=0%, Rehash=0, Collisions=0/0=0%

cleanw:
#  Phony target (prerequisite of .PHONY).
#  Implicit rule search has not been done.
#  File does not exist.
#  File has not been updated.
#  commands to execute (from `Makefile', line 64):
	$(DEL) $(WDELOBJ) $(DEP) $(APPNAME)$(EXE)
	

main.d: src/main.cpp
#  A default, MAKEFILES, or -include/sinclude makefile.
#  Implicit rule search has been done.
#  Implicit/static pattern stem: `main'
#  Last modified 2022-05-13 23:15:50
#  File has been updated.
#  Successfully updated.
# variable set hash-table stats:
# Load=0/32=0%, Rehash=0, Collisions=0/0=0%
#  commands to execute (from `Makefile', line 40):
	@$(CPP) $(CFLAGS) $< -MM -MT $(@:%.d=$(OBJDIR)/%.o) >$@
	

# Not a target:
.DEFAULT:
#  Implicit rule search has not been done.
#  Modification time never checked.
#  File has not been updated.

Person.d: src/Person.cpp
#  A default, MAKEFILES, or -include/sinclude makefile.
#  Implicit rule search has been done.
#  Implicit/static pattern stem: `Person'
#  Last modified 2022-05-13 23:15:50
#  File has been updated.
#  Successfully updated.
# variable set hash-table stats:
# Load=0/32=0%, Rehash=0, Collisions=0/0=0%
#  commands to execute (from `Makefile', line 40):
	@$(CPP) $(CFLAGS) $< -MM -MT $(@:%.d=$(OBJDIR)/%.o) >$@
	

cleandep:
#  Phony target (prerequisite of .PHONY).
#  Implicit rule search has not been done.
#  File does not exist.
#  File has not been updated.
#  commands to execute (from `Makefile', line 58):
	$(RM) $(DEP)
	

cleandepw:
#  Phony target (prerequisite of .PHONY).
#  Implicit rule search has not been done.
#  File does not exist.
#  File has not been updated.
#  commands to execute (from `Makefile', line 69):
	$(DEL) $(DEP)
	

# Not a target:
src/include/Person.hpp:
#  Implicit rule search has been done.
#  Last modified 2022-05-12 13:49:16
#  File has been updated.
#  Successfully updated.
# variable set hash-table stats:
# Load=0/32=0%, Rehash=0, Collisions=0/0=0%

clean:
#  Phony target (prerequisite of .PHONY).
#  Implicit rule search has not been done.
#  File does not exist.
#  File has not been updated.
#  commands to execute (from `Makefile', line 53):
	$(RM) $(DELOBJ) $(DEP) $(APPNAME)
	

# Not a target:
src/main.cpp:
#  Implicit rule search has been done.
#  Last modified 2022-05-13 09:04:37
#  File has been updated.
#  Successfully updated.
# variable set hash-table stats:
# Load=0/32=0%, Rehash=0, Collisions=0/0=0%

main: obj/Game.o obj/Person.o obj/main.o
#  Implicit rule search has not been done.
#  Last modified 2022-05-12 13:55:34
#  File has been updated.
#  Needs to be updated (-q is set).
# variable set hash-table stats:
# Load=0/32=0%, Rehash=0, Collisions=0/4=0%
#  commands to execute (from `Makefile', line 36):
	$(CC) $(CXXFLAGS) -o $@ $^ $(LDFLAGS)
	

# Not a target:
src/Person.cpp:
#  Implicit rule search has been done.
#  Last modified 2022-05-12 13:53:04
#  File has been updated.
#  Successfully updated.
# variable set hash-table stats:
# Load=0/32=0%, Rehash=0, Collisions=0/0=0%

obj/Game.o: src/Game.cpp src/Game.cpp src/include/Game.hpp
#  Implicit rule search has been done.
#  Implicit/static pattern stem: `Game'
#  Last modified 2022-05-12 13:49:17
#  File has been updated.
#  Successfully updated.
# variable set hash-table stats:
# Load=0/32=0%, Rehash=0, Collisions=0/0=0%
#  commands to execute (from `Makefile', line 47):
	$(CC) $(CXXFLAGS) -o $@ -c $<
	

# files hash-table stats:
 
# Load=21/1024=2%, Rehash=0, Collisions=0/71=0%
# VPATH Search Paths

# No `vpath' search paths.

# No general (`VPATH' variable) search path.

# # of strings in strcache: 4
# # of strcache buffers: 1
# strcache size: total = 4096 / max = 4096 / min = 4096 / avg = 4096
# strcache free: total = 4064 / max = 4064 / min = 4064 / avg = 4064

# Finished Make data base on Fri May 13 23:15:51 2022

 
